2026-01-12 10:08:25 - Starting Workflow...
2026-01-12 10:08:25 - Build log: E:\DevHome\sj-workbench\sjhis\2217急诊分诊专病中心\build-test\BuildServerApp\bin\Debug\net10.0-windows\logs\builds\build_20260112_100825.log
2026-01-12 10:08:25 - Step 1: SVN Update (Skipped)
2026-01-12 10:08:25 - Step 1.5: Verify node_modules
2026-01-12 10:08:25 - node_modules already exists for efacms_infrastructure
2026-01-12 10:08:25 - node_modules already exists for OutWestRecipe前端
2026-01-12 10:08:25 - node_modules already exists for LongOrder前端
2026-01-12 10:08:25 - node_modules already exists for TempOrder前端
2026-01-12 10:08:25 - node_modules already exists for OutTreatOrder前端
2026-01-12 10:08:25 - Step 2: Build
2026-01-12 10:08:25 - Switching to Node.js 14.19.0 for efacms_infrastructure
2026-01-12 10:08:25 - Switching to Node.js 16.17.0 for OutWestRecipe前端
2026-01-12 10:08:25 - Switching to Node.js 16.17.0 for LongOrder前端
2026-01-12 10:08:25 - Switching to Node.js 16.17.0 for TempOrder前端
2026-01-12 10:08:25 - Switching to Node.js 16.17.0 for OutTreatOrder前端
2026-01-12 10:08:39 - Project build records saved to database
2026-01-12 10:08:39 - Build failures detected. Proceeding to copy successful builds...
2026-01-12 10:08:39 - Step 3: Copy Artifacts
2026-01-12 10:08:39 - Copying E:/DevHome/sj-workbench/sjhis\0201门诊医生/efacms_infrastructure\dist to e:/DevHome/sj-workbench/sjhis/build-output\CIS\efacms_infrastructure
2026-01-12 10:08:39 - Warning: Dist directory not found: E:/DevHome/sj-workbench/sjhis\0201门诊医生/OutWestRecipe前端\dist
2026-01-12 10:08:39 - Copying E:/DevHome/sj-workbench/sjhis\0201门诊医生/LongOrder前端\dist to e:/DevHome/sj-workbench/sjhis/build-output\CIS\LongOrder前端
2026-01-12 10:08:39 - Copying E:/DevHome/sj-workbench/sjhis\0201门诊医生/TempOrder前端\dist to e:/DevHome/sj-workbench/sjhis/build-output\CIS\TempOrder前端
2026-01-12 10:08:39 - Copying E:/DevHome/sj-workbench/sjhis\0201门诊医生/OutTreatOrder前端\dist to e:/DevHome/sj-workbench/sjhis/build-output\CIS\OutTreatOrder前端
2026-01-12 10:08:39 - Workflow Completed.
2026-01-12 10:08:39 - Build failures detected!
2026-01-12 10:08:39 - Error in efacms_infrastructure: 'npm' �����ڲ����ⲿ���Ҳ���ǿ����еĳ���
���������ļ���

2026-01-12 10:08:39 - Build failed for efacms_infrastructure with exit code 1
2026-01-12 10:08:39 - Error in OutWestRecipe前端: internal/modules/cjs/loader.js:905
  throw err;
  ^

Error: Cannot find module '@vue/cli-plugin-babel'
Require stack:
- E:\DevHome\sj-workbench\sjhis\Wx-NodeModules\@vue\cli-service\lib\Service.js
- E:\DevHome\sj-workbench\sjhis\Wx-NodeModules\@vue\cli-service\bin\vue-cli-service.js
    at Function.Module._resolveFilename (internal/modules/cjs/loader.js:902:15)
    at Function.Module._load (internal/modules/cjs/loader.js:746:27)
    at Module.require (internal/modules/cjs/loader.js:974:19)
    at require (internal/modules/cjs/helpers.js:101:18)
    at idToPlugin (E:\DevHome\sj-workbench\sjhis\Wx-NodeModules\@vue\cli-service\lib\Service.js:136:14)
    at Array.map (<anonymous>)
    at Service.resolvePlugins (E:\DevHome\sj-workbench\sjhis\Wx-NodeModules\@vue\cli-service\lib\Service.js:162:10)
    at new Service (E:\DevHome\sj-workbench\sjhis\Wx-NodeModules\@vue\cli-service\lib\Service.js:33:25)
    at Object.<anonymous> (E:\DevHome\sj-workbench\sjhis\Wx-NodeModules\@vue\cli-service\bin\vue-cli-service.js:16:17)
    at Module._compile (internal/modules/cjs/loader.js:1085:14) {
  code: 'MODULE_NOT_FOUND',
  requireStack: [
    'E:\\DevHome\\sj-workbench\\sjhis\\Wx-NodeModules\\@vue\\cli-service\\lib\\Service.js',
    'E:\\DevHome\\sj-workbench\\sjhis\\Wx-NodeModules\\@vue\\cli-service\\bin\\vue-cli-service.js'
  ]
}
npm ERR! code ELIFECYCLE
npm ERR! errno 1
npm ERR! sj.cis.out.west.recipe@1.2.0 build: `node build/get-cdn-config.js build && vue-cli-service build --mode build`
npm ERR! Exit status 1
npm ERR! 
npm ERR! Failed at the sj.cis.out.west.recipe@1.2.0 build script.
npm ERR! This is probably not a problem with npm. There is likely additional logging output above.

npm ERR! A complete log of this run can be found in:
npm ERR!     E:\DevHome\packages\npm\_logs\2026-01-12T02_08_39_049Z-debug.log

2026-01-12 10:08:39 - Build failed for OutWestRecipe前端 with exit code 1
2026-01-12 10:08:40 - Error in LongOrder前端: 
┌────────────────────────────────────────────────────────────────────┐
│                      npm update check failed                       │
│                Try running with sudo or get access                 │
│                to the local update config store via                │
│ sudo chown -R $USER:$(id -gn $USER) C:\Users\Administrator\.config │
└────────────────────────────────────────────────────────────────────┘
 ERROR  Error loading vue.config.js:
 ERROR  TypeError [ERR_INVALID_ARG_TYPE]: The "id" argument must be of type string. Received an instance of Object
TypeError [ERR_INVALID_ARG_TYPE]: The "id" argument must be of type string. Received an instance of Object
    at new NodeError (internal/errors.js:322:7)
    at validateString (internal/validators.js:124:11)
    at Module.require (internal/modules/cjs/loader.js:967:3)
    at require (internal/modules/cjs/helpers.js:101:18)
    at getResolver (E:\DevHome\sj-workbench\sjhis\Wx-NodeModules\sj.dynamic.cdn-2\lib\get-resolver.js:12:12)
    at new DynamicCdnWebpackPlugin (E:\DevHome\sj-workbench\sjhis\Wx-NodeModules\sj.dynamic.cdn-2\lib\index.js:92:51)
    at Object.<anonymous> (E:\DevHome\sj-workbench\sjhis\0201门诊医生\LongOrder前端\build\webpack.pro.conf.js:26:13)
    at Module._compile (internal/modules/cjs/loader.js:1085:14)
    at Object.Module._extensions..js (internal/modules/cjs/loader.js:1114:10)
    at Module.load (internal/modules/cjs/loader.js:950:32)
npm ERR! code ELIFECYCLE
npm ERR! errno 1
npm ERR! sj.cis.long.order@1.0.0 build: `node build/get-cdn-config.js && vue-cli-service build --mode build`
npm ERR! Exit status 1
npm ERR! 
npm ERR! Failed at the sj.cis.long.order@1.0.0 build script.
npm ERR! This is probably not a problem with npm. There is likely additional logging output above.

npm ERR! A complete log of this run can be found in:
npm ERR!     E:\DevHome\packages\npm\_logs\2026-01-12T02_08_39_604Z-debug.log

2026-01-12 10:08:40 - Build failed for LongOrder前端 with exit code 1
2026-01-12 10:08:40 - Error in TempOrder前端: 
┌────────────────────────────────────────────────────────────────────┐
│                      npm update check failed                       │
│                Try running with sudo or get access                 │
│                to the local update config store via                │
│ sudo chown -R $USER:$(id -gn $USER) C:\Users\Administrator\.config │
└────────────────────────────────────────────────────────────────────┘
 ERROR  Error loading vue.config.js:
 ERROR  TypeError [ERR_INVALID_ARG_TYPE]: The "id" argument must be of type string. Received an instance of Object
TypeError [ERR_INVALID_ARG_TYPE]: The "id" argument must be of type string. Received an instance of Object
    at new NodeError (internal/errors.js:322:7)
    at validateString (internal/validators.js:124:11)
    at Module.require (internal/modules/cjs/loader.js:967:3)
    at require (internal/modules/cjs/helpers.js:101:18)
    at getResolver (E:\DevHome\sj-workbench\sjhis\Wx-NodeModules\sj.dynamic.cdn-2\lib\get-resolver.js:12:12)
    at new DynamicCdnWebpackPlugin (E:\DevHome\sj-workbench\sjhis\Wx-NodeModules\sj.dynamic.cdn-2\lib\index.js:92:51)
    at Object.<anonymous> (E:\DevHome\sj-workbench\sjhis\0201门诊医生\TempOrder前端\build\webpack.pro.conf.js:26:13)
    at Module._compile (internal/modules/cjs/loader.js:1085:14)
    at Object.Module._extensions..js (internal/modules/cjs/loader.js:1114:10)
    at Module.load (internal/modules/cjs/loader.js:950:32)
npm ERR! code ELIFECYCLE
npm ERR! errno 1
npm ERR! sj.cis.temp.order@1.0.0 build: `node build/get-cdn-config.js && vue-cli-service build --mode build`
npm ERR! Exit status 1
npm ERR! 
npm ERR! Failed at the sj.cis.temp.order@1.0.0 build script.
npm ERR! This is probably not a problem with npm. There is likely additional logging output above.

npm ERR! A complete log of this run can be found in:
npm ERR!     E:\DevHome\packages\npm\_logs\2026-01-12T02_08_39_589Z-debug.log

2026-01-12 10:08:40 - Build failed for TempOrder前端 with exit code 1
2026-01-12 10:08:40 - Error in OutTreatOrder前端: 
┌────────────────────────────────────────────────────────────────────┐
│                      npm update check failed                       │
│                Try running with sudo or get access                 │
│                to the local update config store via                │
│ sudo chown -R $USER:$(id -gn $USER) C:\Users\Administrator\.config │
└────────────────────────────────────────────────────────────────────┘
 ERROR  Error loading vue.config.js:
 ERROR  TypeError [ERR_INVALID_ARG_TYPE]: The "id" argument must be of type string. Received an instance of Object
TypeError [ERR_INVALID_ARG_TYPE]: The "id" argument must be of type string. Received an instance of Object
    at new NodeError (internal/errors.js:322:7)
    at validateString (internal/validators.js:124:11)
    at Module.require (internal/modules/cjs/loader.js:967:3)
    at require (internal/modules/cjs/helpers.js:101:18)
    at getResolver (E:\DevHome\sj-workbench\sjhis\Wx-NodeModules\sj.dynamic.cdn-2\lib\get-resolver.js:12:12)
    at new DynamicCdnWebpackPlugin (E:\DevHome\sj-workbench\sjhis\Wx-NodeModules\sj.dynamic.cdn-2\lib\index.js:92:51)
    at Object.<anonymous> (E:\DevHome\sj-workbench\sjhis\0201门诊医生\OutTreatOrder前端\build\webpack.pro.conf.js:27:13)
    at Module._compile (internal/modules/cjs/loader.js:1085:14)
    at Object.Module._extensions..js (internal/modules/cjs/loader.js:1114:10)
    at Module.load (internal/modules/cjs/loader.js:950:32)
    at Function.Module._load (internal/modules/cjs/loader.js:790:12)
    at Module.require (internal/modules/cjs/loader.js:974:19)
    at require (internal/modules/cjs/helpers.js:101:18)
    at Object.<anonymous> (E:\DevHome\sj-workbench\sjhis\0201门诊医生\OutTreatOrder前端\vue.config.js:7:21)
    at Module._compile (internal/modules/cjs/loader.js:1085:14)
    at Object.Module._extensions..js (internal/modules/cjs/loader.js:1114:10)
npm ERR! code ELIFECYCLE
npm ERR! errno 1
npm ERR! sj.cis.out.treat.order@0.1.2 build: `node build/get-cdn-config.js build && vue-cli-service build --mode build`
npm ERR! Exit status 1
npm ERR! 
npm ERR! Failed at the sj.cis.out.treat.order@0.1.2 build script.
npm ERR! This is probably not a problem with npm. There is likely additional logging output above.

npm ERR! A complete log of this run can be found in:
npm ERR!     E:\DevHome\packages\npm\_logs\2026-01-12T02_08_39_801Z-debug.log

2026-01-12 10:08:40 - Build failed for OutTreatOrder前端 with exit code 1
