2026-01-09 14:30:09 - Build failures detected!
2026-01-09 14:30:09 - Error in efacms_infrastructure: -  Building for build...
 ERROR  Error: Cannot find module 'vue-loader/package.json'
Require stack:
- E:\DevHome\sj-workbench\sjhis\Lwz-NodeModules\@vue\cli-service\lib\config\base.js
- E:\DevHome\sj-workbench\sjhis\Lwz-NodeModules\@vue\cli-service\lib\Service.js
- E:\DevHome\sj-workbench\sjhis\Lwz-NodeModules\@vue\cli-service\bin\vue-cli-service.js
Error: Cannot find module 'vue-loader/package.json'
Require stack:
- E:\DevHome\sj-workbench\sjhis\Lwz-NodeModules\@vue\cli-service\lib\config\base.js
- E:\DevHome\sj-workbench\sjhis\Lwz-NodeModules\@vue\cli-service\lib\Service.js
- E:\DevHome\sj-workbench\sjhis\Lwz-NodeModules\@vue\cli-service\bin\vue-cli-service.js
    at Function.Module._resolveFilename (node:internal/modules/cjs/loader:1028:15)
    at Function.Module._load (node:internal/modules/cjs/loader:873:27)
    at Module.require (node:internal/modules/cjs/loader:1100:19)
    at require (node:internal/modules/cjs/helpers:119:18)
    at E:\DevHome\sj-workbench\sjhis\Lwz-NodeModules\@vue\cli-service\lib\config\base.js:70:21
    at E:\DevHome\sj-workbench\sjhis\Lwz-NodeModules\@vue\cli-service\lib\Service.js:209:40
    at Array.forEach (<anonymous>)
    at Service.resolveChainableWebpackConfig (E:\DevHome\sj-workbench\sjhis\Lwz-NodeModules\@vue\cli-service\lib\Service.js:209:26)
    at PluginAPI.resolveChainableWebpackConfig (E:\DevHome\sj-workbench\sjhis\Lwz-NodeModules\@vue\cli-service\lib\PluginAPI.js:128:25)
    at module.exports (E:\DevHome\sj-workbench\sjhis\Lwz-NodeModules\@vue\cli-service\lib\commands\build\resolveAppConfig.js:2:22)
    at build (E:\DevHome\sj-workbench\sjhis\Lwz-NodeModules\@vue\cli-service\lib\commands\build\index.js:124:50)
    at E:\DevHome\sj-workbench\sjhis\Lwz-NodeModules\@vue\cli-service\lib\commands\build\index.js:72:13
    at Service.run (E:\DevHome\sj-workbench\sjhis\Lwz-NodeModules\@vue\cli-service\lib\Service.js:203:12)
    at Object.<anonymous> (E:\DevHome\sj-workbench\sjhis\Lwz-NodeModules\@vue\cli-service\bin\vue-cli-service.js:36:9)
    at Module._compile (node:internal/modules/cjs/loader:1198:14)
    at Object.Module._extensions..js (node:internal/modules/cjs/loader:1252:10)
npm ERR! code ELIFECYCLE
npm ERR! errno 1
npm ERR! sj.cis.efacms@0.0.1 build: `node build/get-cdn-config.js build && vue-cli-service build --mode build`
npm ERR! Exit status 1
npm ERR! 
npm ERR! Failed at the sj.cis.efacms@0.0.1 build script.
npm ERR! This is probably not a problem with npm. There is likely additional logging output above.

npm ERR! A complete log of this run can be found in:
npm ERR!     E:\DevHome\packages\npm\_logs\2026-01-09T06_29_44_646Z-debug.log

2026-01-09 14:30:10 - Build failed for efacms_infrastructure with exit code 1
2026-01-09 14:30:10 - Error in pre_examination_triage_upgrade: -  Building for build...
 ERROR  Error: Cannot find module 'vue-loader/package.json'
Require stack:
- E:\DevHome\sj-workbench\sjhis\Lwz-NodeModules\@vue\cli-service\lib\config\base.js
- E:\DevHome\sj-workbench\sjhis\Lwz-NodeModules\@vue\cli-service\lib\Service.js
- E:\DevHome\sj-workbench\sjhis\Lwz-NodeModules\@vue\cli-service\bin\vue-cli-service.js
Error: Cannot find module 'vue-loader/package.json'
Require stack:
- E:\DevHome\sj-workbench\sjhis\Lwz-NodeModules\@vue\cli-service\lib\config\base.js
- E:\DevHome\sj-workbench\sjhis\Lwz-NodeModules\@vue\cli-service\lib\Service.js
- E:\DevHome\sj-workbench\sjhis\Lwz-NodeModules\@vue\cli-service\bin\vue-cli-service.js
    at Function.Module._resolveFilename (node:internal/modules/cjs/loader:1028:15)
    at Function.Module._load (node:internal/modules/cjs/loader:873:27)
    at Module.require (node:internal/modules/cjs/loader:1100:19)
    at require (node:internal/modules/cjs/helpers:119:18)
    at E:\DevHome\sj-workbench\sjhis\Lwz-NodeModules\@vue\cli-service\lib\config\base.js:70:21
    at E:\DevHome\sj-workbench\sjhis\Lwz-NodeModules\@vue\cli-service\lib\Service.js:209:40
    at Array.forEach (<anonymous>)
    at Service.resolveChainableWebpackConfig (E:\DevHome\sj-workbench\sjhis\Lwz-NodeModules\@vue\cli-service\lib\Service.js:209:26)
    at PluginAPI.resolveChainableWebpackConfig (E:\DevHome\sj-workbench\sjhis\Lwz-NodeModules\@vue\cli-service\lib\PluginAPI.js:128:25)
    at module.exports (E:\DevHome\sj-workbench\sjhis\Lwz-NodeModules\@vue\cli-service\lib\commands\build\resolveAppConfig.js:2:22)
    at build (E:\DevHome\sj-workbench\sjhis\Lwz-NodeModules\@vue\cli-service\lib\commands\build\index.js:124:50)
    at E:\DevHome\sj-workbench\sjhis\Lwz-NodeModules\@vue\cli-service\lib\commands\build\index.js:72:13
    at Service.run (E:\DevHome\sj-workbench\sjhis\Lwz-NodeModules\@vue\cli-service\lib\Service.js:203:12)
    at Object.<anonymous> (E:\DevHome\sj-workbench\sjhis\Lwz-NodeModules\@vue\cli-service\bin\vue-cli-service.js:36:9)
    at Module._compile (node:internal/modules/cjs/loader:1198:14)
    at Object.Module._extensions..js (node:internal/modules/cjs/loader:1252:10)
npm ERR! code ELIFECYCLE
npm ERR! errno 1
npm ERR! sj.cis.pre.examination.triage@0.0.1 build: `node build/get-cdn-config.js build && vue-cli-service build --mode build`
npm ERR! Exit status 1
npm ERR! 
npm ERR! Failed at the sj.cis.pre.examination.triage@0.0.1 build script.
npm ERR! This is probably not a problem with npm. There is likely additional logging output above.

npm ERR! A complete log of this run can be found in:
npm ERR!     E:\DevHome\packages\npm\_logs\2026-01-09T06_29_44_646Z-debug.log

2026-01-09 14:30:10 - Build failed for pre_examination_triage_upgrade with exit code 1
2026-01-09 14:30:10 - Error in LongOrder前端: -  Building for build...
Browserslist: caniuse-lite is outdated. Please run:
  npx update-browserslist-db@latest
  Why you should do it regularly: https://github.com/browserslist/update-db#readme
[SVN INFO] 目录不存在: E:\DevHome\sj-workbench\sjhis\0201门诊医生\LongOrder前端\cdn\sj\cis

2026-01-09 14:30:10 - Error in TempOrder前端: -  Building for build...
Browserslist: caniuse-lite is outdated. Please run:
  npx update-browserslist-db@latest
  Why you should do it regularly: https://github.com/browserslist/update-db#readme

2026-01-09 14:30:10 - Error in OutTreatOrder前端: -  Building for build...
Browserslist: caniuse-lite is outdated. Please run:
  npx update-browserslist-db@latest
  Why you should do it regularly: https://github.com/browserslist/update-db#readme
[SVN INFO] 目录不存在: E:\DevHome\sj-workbench\sjhis\0201门诊医生\OutTreatOrder前端\cdn\sj\cis

